[debug] [2023-01-17T07:25:24.406Z] ----------------------------------------------------------------------
[debug] [2023-01-17T07:25:24.409Z] Command:       /usr/local/bin/firebase /Users/ak/.cache/firebase/tools/lib/node_modules/firebase-tools/lib/bin/firebase init
[debug] [2023-01-17T07:25:24.409Z] CLI Version:   11.8.0
[debug] [2023-01-17T07:25:24.409Z] Platform:      darwin
[debug] [2023-01-17T07:25:24.409Z] Node Version:  v16.16.0
[debug] [2023-01-17T07:25:24.410Z] Time:          Tue Jan 17 2023 14:25:24 GMT+0700 (Indochina Time)
[debug] [2023-01-17T07:25:24.411Z] ----------------------------------------------------------------------
[debug] 
[debug] [2023-01-17T07:25:24.414Z] >>> [apiv2][query] GET https://firebase-public.firebaseio.com/cli.json [none]
[debug] [2023-01-17T07:25:24.513Z] > command requires scopes: ["email","openid","https://www.googleapis.com/auth/cloudplatformprojects.readonly","https://www.googleapis.com/auth/firebase","https://www.googleapis.com/auth/cloud-platform"]
[debug] [2023-01-17T07:25:24.513Z] > authorizing via signed-in user (sheshehangs2016@gmail.com)
[info] 
     ######## #### ########  ######## ########     ###     ######  ########
     ##        ##  ##     ## ##       ##     ##  ##   ##  ##       ##
     ######    ##  ########  ######   ########  #########  ######  ######
     ##        ##  ##    ##  ##       ##     ## ##     ##       ## ##
     ##       #### ##     ## ######## ########  ##     ##  ######  ########

You're about to initialize a Firebase project in this directory:

  /Users/ak

Before we get started, keep in mind:

  * You are initializing within an existing Firebase project directory

[debug] [2023-01-17T07:25:25.206Z] <<< [apiv2][status] GET https://firebase-public.firebaseio.com/cli.json 200
[debug] [2023-01-17T07:25:25.206Z] <<< [apiv2][body] GET https://firebase-public.firebaseio.com/cli.json {"cloudBuildErrorAfter":1594252800000,"cloudBuildWarnAfter":1590019200000,"defaultNode10After":1594252800000,"minVersion":"3.0.5","node8DeploysDisabledAfter":1613390400000,"node8RuntimeDisabledAfter":1615809600000,"node8WarnAfter":1600128000000}
[info] 
=== Project Setup
[info] 
[info] First, let's associate this project directory with a Firebase project.
[info] You can create multiple project aliases by running firebase use --add, 
[info] but for now we'll just set up a default project.
[info] 
[debug] [2023-01-17T07:25:45.446Z] Using project from CLI flag: friendlychat-6d85c
[debug] [2023-01-17T07:25:45.447Z] > refreshing access token with scopes: []
[debug] [2023-01-17T07:25:45.448Z] >>> [apiv2][query] POST https://www.googleapis.com/oauth2/v3/token [none]
[debug] [2023-01-17T07:25:45.449Z] >>> [apiv2][body] POST https://www.googleapis.com/oauth2/v3/token [omitted]
[debug] [2023-01-17T07:25:45.613Z] <<< [apiv2][status] POST https://www.googleapis.com/oauth2/v3/token 200
[debug] [2023-01-17T07:25:45.613Z] <<< [apiv2][body] POST https://www.googleapis.com/oauth2/v3/token [omitted]
[debug] [2023-01-17T07:25:45.626Z] >>> [apiv2][query] GET https://firebase.googleapis.com/v1beta1/projects/friendlychat-6d85c [none]
[debug] [2023-01-17T07:25:46.509Z] <<< [apiv2][status] GET https://firebase.googleapis.com/v1beta1/projects/friendlychat-6d85c 403
[debug] [2023-01-17T07:25:46.509Z] <<< [apiv2][body] GET https://firebase.googleapis.com/v1beta1/projects/friendlychat-6d85c {"error":{"code":403,"message":"The caller does not have permission","status":"PERMISSION_DENIED"}}
[debug] [2023-01-17T07:25:46.510Z] HTTP Error: 403, The caller does not have permission
[debug] [2023-01-17T07:25:46.630Z] FirebaseError: HTTP Error: 403, The caller does not have permission
    at responseToError (/Users/ak/.cache/firebase/tools/lib/node_modules/firebase-tools/lib/responseToError.js:49:12)
    at RetryOperation._fn (/Users/ak/.cache/firebase/tools/lib/node_modules/firebase-tools/lib/apiv2.js:288:77)
    at processTicksAndRejections (node:internal/process/task_queues:96:5)
[error] 
[error] Error: Failed to get Firebase project friendlychat-6d85c. Please make sure the project exists and your account has permission to access it.
